[debug] [2019-10-29T06:37:51.239Z] ----------------------------------------------------------------------
[debug] [2019-10-29T06:37:51.244Z] Command:       /Users/TanawatChanhom/.nvm/versions/node/v11.7.0/bin/node /Users/TanawatChanhom/.nvm/versions/node/v11.7.0/bin/firebase serve --port 5001 --only functions
[debug] [2019-10-29T06:37:51.245Z] CLI Version:   7.6.1
[debug] [2019-10-29T06:37:51.245Z] Platform:      darwin
[debug] [2019-10-29T06:37:51.245Z] Node Version:  v11.7.0
[debug] [2019-10-29T06:37:51.255Z] Time:          Tue Oct 29 2019 13:37:51 GMT+0700 (Indochina Time)
[debug] [2019-10-29T06:37:51.255Z] ----------------------------------------------------------------------
[debug] [2019-10-29T06:37:51.255Z] 
[debug] [2019-10-29T06:37:51.275Z] > command requires scopes: ["email","openid","https://www.googleapis.com/auth/cloudplatformprojects.readonly","https://www.googleapis.com/auth/firebase","https://www.googleapis.com/auth/cloud-platform"]
[debug] [2019-10-29T06:37:51.276Z] > authorizing via signed-in user
[debug] [2019-10-29T06:37:51.276Z] [iam] checking project itec-websession for permissions ["firebase.projects.get"]
[debug] [2019-10-29T06:37:51.279Z] >>> HTTP REQUEST POST https://cloudresourcemanager.googleapis.com/v1/projects/itec-websession:testIamPermissions  

[debug] [2019-10-29T06:37:53.223Z] <<< HTTP RESPONSE 200
[debug] [2019-10-29T06:37:53.226Z] >>> HTTP REQUEST GET https://firebase.googleapis.com/v1beta1/projects/itec-websession  
 
[debug] [2019-10-29T06:37:55.683Z] <<< HTTP RESPONSE 200
[warn] ⚠  Your requested "node" version "8" doesn't match your global version "11"
[info] ✔  functions: Emulator started at http://localhost:5001
[info] i  functions: Watching "/Users/TanawatChanhom/Desktop/work/QuizTime/functions" for Cloud Functions...
[debug] [2019-10-29T06:37:56.902Z] [runtime-status] Functions runtime initialized. {"cwd":"/Users/TanawatChanhom/Desktop/work/QuizTime/functions","node_version":"11.7.0"}
[debug] [2019-10-29T06:37:56.903Z] [runtime-status] Disabled runtime features: {"functions_config_helper":true,"network_filtering":true,"timeout":true,"memory_limiting":true,"admin_stubs":true} {}
[debug] [2019-10-29T06:37:56.908Z] [runtime-status] Resolved module firebase-admin {"declared":true,"installed":true,"version":"8.6.1","resolution":"/Users/TanawatChanhom/Desktop/work/QuizTime/functions/node_modules/firebase-admin/lib/index.js"}
[debug] [2019-10-29T06:37:56.912Z] [runtime-status] Resolved module firebase-functions {"declared":true,"installed":true,"version":"3.3.0","resolution":"/Users/TanawatChanhom/Desktop/work/QuizTime/functions/node_modules/firebase-functions/lib/index.js"}
[debug] [2019-10-29T06:37:56.915Z] [runtime-status] Resolved module firebase-functions {"declared":true,"installed":true,"version":"3.3.0","resolution":"/Users/TanawatChanhom/Desktop/work/QuizTime/functions/node_modules/firebase-functions/lib/index.js"}
[warn] ⚠  Error: Cannot find module '../config/admin'
    at Function.Module._resolveFilename (internal/modules/cjs/loader.js:603:15)
    at Function.Module._load (internal/modules/cjs/loader.js:529:25)
    at Module.require (internal/modules/cjs/loader.js:657:17)
    at require (internal/modules/cjs/helpers.js:20:18)
    at Object.<anonymous> (/Users/TanawatChanhom/Desktop/work/QuizTime/functions/src/controller/SpellingBeeController.js:5:15)
    at Module._compile (internal/modules/cjs/loader.js:721:30)
    at Object.Module._extensions..js (internal/modules/cjs/loader.js:732:10)
    at Module.load (internal/modules/cjs/loader.js:620:32)
    at tryModuleLoad (internal/modules/cjs/loader.js:560:12)
    at Function.Module._load (internal/modules/cjs/loader.js:552:3)
[warn] ⚠  We were unable to load your functions code. (see above)
[debug] [2019-10-29T06:38:39.311Z] File /Users/TanawatChanhom/Desktop/work/QuizTime/functions/src/config/admin.js changed, reloading triggers
[debug] [2019-10-29T06:38:39.770Z] File /Users/TanawatChanhom/Desktop/work/QuizTime/functions/src/config/admin.js changed, reloading triggers
[debug] [2019-10-29T06:38:39.920Z] File /Users/TanawatChanhom/Desktop/work/QuizTime/functions/src/config/admin.js changed, reloading triggers
[debug] [2019-10-29T06:38:44.031Z] [runtime-status] Functions runtime initialized. {"cwd":"/Users/TanawatChanhom/Desktop/work/QuizTime/functions","node_version":"11.7.0"}
[debug] [2019-10-29T06:38:44.033Z] [runtime-status] Disabled runtime features: {"functions_config_helper":true,"network_filtering":true,"timeout":true,"memory_limiting":true,"admin_stubs":true} {}
[debug] [2019-10-29T06:38:44.042Z] [runtime-status] Resolved module firebase-admin {"declared":true,"installed":true,"version":"8.6.1","resolution":"/Users/TanawatChanhom/Desktop/work/QuizTime/functions/node_modules/firebase-admin/lib/index.js"}
[debug] [2019-10-29T06:38:44.045Z] [runtime-status] Resolved module firebase-functions {"declared":true,"installed":true,"version":"3.3.0","resolution":"/Users/TanawatChanhom/Desktop/work/QuizTime/functions/node_modules/firebase-functions/lib/index.js"}
[debug] [2019-10-29T06:38:44.046Z] [runtime-status] Resolved module firebase-functions {"declared":true,"installed":true,"version":"3.3.0","resolution":"/Users/TanawatChanhom/Desktop/work/QuizTime/functions/node_modules/firebase-functions/lib/index.js"}
[warn] ⚠  Error: Cannot find module 'path/to/serviceAccountKey.json'
    at Function.Module._resolveFilename (internal/modules/cjs/loader.js:603:15)
    at Function.Module._load (internal/modules/cjs/loader.js:529:25)
    at Module.require (internal/modules/cjs/loader.js:657:17)
    at require (internal/modules/cjs/helpers.js:20:18)
    at Object.<anonymous> (/Users/TanawatChanhom/Desktop/work/QuizTime/functions/src/config/admin.js:5:24)
    at Module._compile (internal/modules/cjs/loader.js:721:30)
    at Object.Module._extensions..js (internal/modules/cjs/loader.js:732:10)
    at Module.load (internal/modules/cjs/loader.js:620:32)
    at tryModuleLoad (internal/modules/cjs/loader.js:560:12)
    at Function.Module._load (internal/modules/cjs/loader.js:552:3)
[warn] ⚠  We were unable to load your functions code. (see above)
[debug] [2019-10-29T06:41:15.169Z] File /Users/TanawatChanhom/Desktop/work/QuizTime/functions/src/config/admin.js changed, reloading triggers
[debug] [2019-10-29T06:41:17.528Z] [runtime-status] Functions runtime initialized. {"cwd":"/Users/TanawatChanhom/Desktop/work/QuizTime/functions","node_version":"11.7.0"}
[debug] [2019-10-29T06:41:17.529Z] [runtime-status] Disabled runtime features: {"functions_config_helper":true,"network_filtering":true,"timeout":true,"memory_limiting":true,"admin_stubs":true} {}
[debug] [2019-10-29T06:41:17.532Z] [runtime-status] Resolved module firebase-admin {"declared":true,"installed":true,"version":"8.6.1","resolution":"/Users/TanawatChanhom/Desktop/work/QuizTime/functions/node_modules/firebase-admin/lib/index.js"}
[debug] [2019-10-29T06:41:17.534Z] [runtime-status] Resolved module firebase-functions {"declared":true,"installed":true,"version":"3.3.0","resolution":"/Users/TanawatChanhom/Desktop/work/QuizTime/functions/node_modules/firebase-functions/lib/index.js"}
[debug] [2019-10-29T06:41:17.535Z] [runtime-status] Resolved module firebase-functions {"declared":true,"installed":true,"version":"3.3.0","resolution":"/Users/TanawatChanhom/Desktop/work/QuizTime/functions/node_modules/firebase-functions/lib/index.js"}
[warn] ⚠  Error: Cannot find module './'
    at Function.Module._resolveFilename (internal/modules/cjs/loader.js:603:15)
    at Function.Module._load (internal/modules/cjs/loader.js:529:25)
    at Module.require (internal/modules/cjs/loader.js:657:17)
    at require (internal/modules/cjs/helpers.js:20:18)
    at Object.<anonymous> (/Users/TanawatChanhom/Desktop/work/QuizTime/functions/src/config/admin.js:5:24)
    at Module._compile (internal/modules/cjs/loader.js:721:30)
    at Object.Module._extensions..js (internal/modules/cjs/loader.js:732:10)
    at Module.load (internal/modules/cjs/loader.js:620:32)
    at tryModuleLoad (internal/modules/cjs/loader.js:560:12)
    at Function.Module._load (internal/modules/cjs/loader.js:552:3)
[warn] ⚠  We were unable to load your functions code. (see above)
